TN:
SF:services/index.ts
FNF:0
FNH:0
DA:2,0
DA:3,0
LF:2
LH:0
BRF:0
BRH:0
end_of_record
TN:
SF:services/mlRiskAnalyzer.ts
FN:51,(anonymous_9)
FN:59,(anonymous_10)
FN:74,(anonymous_11)
FN:88,(anonymous_12)
FN:92,(anonymous_13)
FN:106,initializeModel
FN:130,extractMLFeatures
FN:175,(anonymous_16)
FN:183,(anonymous_17)
FN:260,calculatePatternRisk
FN:264,(anonymous_19)
FN:265,(anonymous_20)
FN:267,(anonymous_21)
FN:280,getDefaultFeatures
FN:312,featuresToMLInput
FN:331,analyzeTransactionRiskML
FN:380,calculateRuleBasedScore
FN:405,calculateMLConfidence
FN:421,generateRiskReasons
FN:460,saveTrainingData
FN:475,trainModel
FN:491,(anonymous_30)
FN:492,(anonymous_31)
FN:516,calculateModelAccuracy
FN:530,getModelStats
FNF:25
FNH:15
FNDA:2,(anonymous_9)
FNDA:0,(anonymous_10)
FNDA:12,(anonymous_11)
FNDA:0,(anonymous_12)
FNDA:0,(anonymous_13)
FNDA:12,initializeModel
FNDA:12,extractMLFeatures
FNDA:4,(anonymous_16)
FNDA:4,(anonymous_17)
FNDA:11,calculatePatternRisk
FNDA:0,(anonymous_19)
FNDA:0,(anonymous_20)
FNDA:0,(anonymous_21)
FNDA:1,getDefaultFeatures
FNDA:24,featuresToMLInput
FNDA:12,analyzeTransactionRiskML
FNDA:12,calculateRuleBasedScore
FNDA:12,calculateMLConfidence
FNDA:12,generateRiskReasons
FNDA:12,saveTrainingData
FNDA:0,trainModel
FNDA:0,(anonymous_30)
FNDA:0,(anonymous_31)
FNDA:0,calculateModelAccuracy
FNDA:1,getModelStats
DA:1,2
DA:2,2
DA:49,2
DA:52,2
DA:60,0
DA:61,0
DA:62,0
DA:65,0
DA:66,0
DA:67,0
DA:68,0
DA:70,0
DA:75,12
DA:76,12
DA:79,0
DA:80,0
DA:81,0
DA:83,0
DA:84,0
DA:89,0
DA:93,0
DA:94,0
DA:95,0
DA:97,0
DA:103,2
DA:107,12
DA:109,2
DA:112,2
DA:113,2
DA:118,0
DA:119,0
DA:120,0
DA:122,0
DA:125,2
DA:137,12
DA:138,12
DA:139,12
DA:140,12
DA:143,12
DA:146,11
DA:148,11
DA:151,11
DA:156,11
DA:157,11
DA:165,11
DA:166,11
DA:174,11
DA:175,4
DA:179,11
DA:180,11
DA:183,11
DA:184,11
DA:189,11
DA:192,11
DA:195,11
DA:198,11
DA:201,11
DA:205,11
DA:208,11
DA:211,11
DA:214,11
DA:215,11
DA:216,11
DA:217,11
DA:218,11
DA:219,11
DA:220,11
DA:221,11
DA:222,11
DA:223,11
DA:225,11
DA:254,1
DA:255,1
DA:261,11
DA:264,0
DA:265,0
DA:266,0
DA:267,0
DA:271,0
DA:274,0
DA:275,0
DA:276,0
DA:281,1
DA:313,24
DA:331,2
DA:338,12
DA:340,12
DA:343,12
DA:346,12
DA:347,12
DA:350,12
DA:351,12
DA:354,12
DA:357,12
DA:360,12
DA:362,12
DA:369,0
DA:370,0
DA:381,12
DA:390,12
DA:397,12
DA:398,12
DA:399,12
DA:401,12
DA:406,12
DA:409,12
DA:410,12
DA:411,12
DA:414,12
DA:415,12
DA:417,12
DA:422,12
DA:424,12
DA:425,11
DA:428,12
DA:429,0
DA:432,12
DA:433,12
DA:436,12
DA:437,11
DA:440,12
DA:441,0
DA:444,12
DA:445,0
DA:448,12
DA:449,0
DA:452,12
DA:453,2
DA:456,12
DA:461,12
DA:462,12
DA:470,12
DA:475,2
DA:476,0
DA:477,0
DA:478,0
DA:481,0
DA:486,0
DA:487,0
DA:488,0
DA:491,0
DA:492,0
DA:495,0
DA:498,0
DA:499,0
DA:509,0
DA:511,0
DA:517,0
DA:519,0
DA:520,0
DA:521,0
DA:522,0
DA:523,0
DA:526,0
DA:530,2
DA:536,1
DA:537,1
DA:542,0
DA:544,0
DA:551,1
DA:552,1
LF:161
LH:102
BRDA:60,0,0,0
BRDA:60,0,1,0
BRDA:60,1,0,0
BRDA:60,1,1,0
BRDA:75,2,0,12
BRDA:75,2,1,0
BRDA:107,3,0,10
BRDA:107,3,1,2
BRDA:118,4,0,0
BRDA:118,4,1,0
BRDA:118,5,0,0
BRDA:118,5,1,0
BRDA:146,6,0,11
BRDA:146,6,1,0
BRDA:151,7,0,11
BRDA:151,7,1,0
BRDA:152,8,0,11
BRDA:152,8,1,0
BRDA:174,9,0,3
BRDA:174,9,1,8
BRDA:184,10,0,1
BRDA:184,10,1,10
BRDA:195,11,0,11
BRDA:195,11,1,0
BRDA:205,12,0,11
BRDA:205,12,1,0
BRDA:248,13,0,11
BRDA:248,13,1,8
BRDA:261,14,0,11
BRDA:261,14,1,0
BRDA:274,15,0,0
BRDA:274,15,1,0
BRDA:275,16,0,0
BRDA:275,16,1,0
BRDA:347,17,0,12
BRDA:347,17,1,0
BRDA:360,18,0,0
BRDA:360,18,1,12
BRDA:397,19,0,11
BRDA:397,19,1,1
BRDA:398,20,0,0
BRDA:398,20,1,12
BRDA:399,21,0,0
BRDA:399,21,1,12
BRDA:409,22,0,0
BRDA:409,22,1,12
BRDA:410,23,0,0
BRDA:410,23,1,12
BRDA:411,24,0,0
BRDA:411,24,1,12
BRDA:414,25,0,12
BRDA:414,25,1,0
BRDA:415,26,0,12
BRDA:415,26,1,0
BRDA:424,27,0,11
BRDA:424,27,1,1
BRDA:428,28,0,0
BRDA:428,28,1,12
BRDA:432,29,0,12
BRDA:432,29,1,0
BRDA:436,30,0,11
BRDA:436,30,1,1
BRDA:440,31,0,0
BRDA:440,31,1,12
BRDA:444,32,0,0
BRDA:444,32,1,12
BRDA:448,33,0,0
BRDA:448,33,1,12
BRDA:452,34,0,2
BRDA:452,34,1,10
BRDA:478,35,0,0
BRDA:478,35,1,0
BRDA:486,36,0,0
BRDA:486,36,1,0
BRDA:517,37,0,0
BRDA:517,37,1,0
BRDA:517,38,0,0
BRDA:517,38,1,0
BRDA:522,39,0,0
BRDA:522,39,1,0
BRDA:523,40,0,0
BRDA:523,40,1,0
BRDA:546,41,0,0
BRDA:546,41,1,0
BRDA:547,42,0,0
BRDA:547,42,1,0
BRF:86
BRH:37
end_of_record
TN:
SF:services/riskAnalyzer.ts
FN:22,getTransactionFeatures
FN:62,(anonymous_1)
FN:107,calculateRiskScore
FN:152,(anonymous_3)
FN:161,analyzeTransactionRisk
FN:215,getRiskLevel
FN:224,getRiskColor
FNF:7
FNH:5
FNDA:2,getTransactionFeatures
FNDA:0,(anonymous_1)
FNDA:2,calculateRiskScore
FNDA:4,(anonymous_3)
FNDA:2,analyzeTransactionRisk
FNDA:5,getRiskLevel
FNDA:0,getRiskColor
DA:1,1
DA:4,1
DA:5,1
DA:6,1
DA:7,1
DA:8,1
DA:9,1
DA:10,1
DA:11,1
DA:12,1
DA:13,1
DA:14,1
DA:15,1
DA:16,1
DA:17,1
DA:18,1
DA:19,1
DA:23,2
DA:25,2
DA:28,2
DA:31,2
DA:34,2
DA:39,2
DA:40,2
DA:50,2
DA:51,2
DA:61,2
DA:62,0
DA:66,2
DA:67,2
DA:68,2
DA:69,2
DA:70,2
DA:72,2
DA:87,0
DA:89,0
DA:109,2
DA:118,2
DA:119,2
DA:120,2
DA:121,2
DA:122,2
DA:125,2
DA:128,2
DA:131,2
DA:132,2
DA:136,2
DA:137,0
DA:141,2
DA:142,1
DA:146,2
DA:147,1
DA:151,2
DA:152,4
DA:153,2
DA:157,2
DA:161,1
DA:168,2
DA:170,2
DA:173,2
DA:176,2
DA:178,2
DA:179,1
DA:182,2
DA:183,0
DA:186,2
DA:187,1
DA:190,2
DA:191,2
DA:194,2
DA:195,1
DA:198,2
DA:204,0
DA:206,0
DA:215,1
DA:216,5
DA:217,4
DA:218,3
DA:219,2
DA:220,1
DA:224,1
DA:225,0
DA:226,0
DA:227,0
DA:228,0
DA:229,0
LF:86
LH:74
BRDA:28,0,0,2
BRDA:28,0,1,0
BRDA:34,1,0,2
BRDA:34,1,1,0
BRDA:35,2,0,2
BRDA:35,2,1,0
BRDA:61,3,0,0
BRDA:61,3,1,2
BRDA:131,4,0,2
BRDA:131,4,1,0
BRDA:136,5,0,0
BRDA:136,5,1,2
BRDA:141,6,0,1
BRDA:141,6,1,1
BRDA:146,7,0,1
BRDA:146,7,1,1
BRDA:151,8,0,2
BRDA:151,8,1,0
BRDA:178,9,0,1
BRDA:178,9,1,1
BRDA:182,10,0,0
BRDA:182,10,1,2
BRDA:186,11,0,1
BRDA:186,11,1,1
BRDA:190,12,0,2
BRDA:190,12,1,0
BRDA:194,13,0,1
BRDA:194,13,1,1
BRDA:216,14,0,1
BRDA:216,14,1,4
BRDA:217,15,0,1
BRDA:217,15,1,3
BRDA:218,16,0,1
BRDA:218,16,1,2
BRDA:219,17,0,1
BRDA:219,17,1,1
BRDA:225,18,0,0
BRDA:225,18,1,0
BRDA:226,19,0,0
BRDA:226,19,1,0
BRDA:227,20,0,0
BRDA:227,20,1,0
BRDA:228,21,0,0
BRDA:228,21,1,0
BRF:44
BRH:27
end_of_record
TN:
SF:services/transactionSimulator.ts
FN:12,generateRandomAmount
FN:17,getRandomUser
FN:23,getRandomDevice
FN:29,getRandomMerchant
FN:36,emitRealtimeUpdate
FN:43,simulateTransaction
FN:194,startTransactionSimulation
FN:205,stopTransactionSimulation
FN:211,getSimulationStatus
FNF:9
FNH:8
FNDA:3,generateRandomAmount
FNDA:4,getRandomUser
FNDA:4,getRandomDevice
FNDA:4,getRandomMerchant
FNDA:5,emitRealtimeUpdate
FNDA:4,simulateTransaction
FNDA:1,startTransactionSimulation
FNDA:1,stopTransactionSimulation
FNDA:0,getSimulationStatus
DA:1,1
DA:2,1
DA:3,1
DA:14,3
DA:18,4
DA:19,4
DA:20,3
DA:24,4
DA:25,4
DA:26,3
DA:30,4
DA:31,4
DA:32,3
DA:37,5
DA:38,0
DA:43,1
DA:44,4
DA:46,4
DA:47,4
DA:48,4
DA:50,4
DA:51,1
DA:52,1
DA:56,3
DA:57,3
DA:73,3
DA:80,3
DA:89,3
DA:106,2
DA:113,2
DA:133,0
DA:134,0
DA:135,0
DA:137,0
DA:156,0
DA:162,0
DA:164,0
DA:165,0
DA:169,0
DA:176,0
DA:189,3
DA:194,1
DA:195,1
DA:198,1
DA:201,1
DA:205,1
DA:206,1
DA:207,1
DA:211,1
DA:212,0
LF:50
LH:38
BRDA:19,0,0,1
BRDA:19,0,1,3
BRDA:25,1,0,1
BRDA:25,1,1,3
BRDA:31,2,0,1
BRDA:31,2,1,3
BRDA:37,3,0,0
BRDA:37,3,1,5
BRDA:50,4,0,1
BRDA:50,4,1,3
BRDA:50,5,0,4
BRDA:50,5,1,3
BRDA:50,5,2,3
BRDA:118,6,0,2
BRDA:118,6,1,2
BRDA:119,7,0,2
BRDA:119,7,1,0
BRDA:120,8,0,2
BRDA:120,8,1,0
BRDA:121,9,0,2
BRDA:121,9,1,0
BRDA:122,10,0,2
BRDA:122,10,1,0
BRDA:123,11,0,2
BRDA:123,11,1,2
BRDA:124,12,0,2
BRDA:124,12,1,0
BRDA:125,13,0,2
BRDA:125,13,1,0
BRDA:126,14,0,2
BRDA:126,14,1,0
BRDA:128,15,0,0
BRDA:128,15,1,2
BRDA:133,16,0,0
BRDA:133,16,1,0
BRDA:183,17,0,0
BRDA:183,17,1,0
BRF:37
BRH:24
end_of_record
