TN:
SF:services/index.ts
FNF:0
FNH:0
DA:2,0
DA:3,0
LF:2
LH:0
BRF:0
BRH:0
end_of_record
TN:
SF:services/riskAnalyzer.ts
FN:22,getTransactionFeatures
FN:62,(anonymous_1)
FN:107,calculateRiskScore
FN:152,(anonymous_3)
FN:161,analyzeTransactionRisk
FN:215,getRiskLevel
FN:224,getRiskColor
FNF:7
FNH:0
FNDA:0,getTransactionFeatures
FNDA:0,(anonymous_1)
FNDA:0,calculateRiskScore
FNDA:0,(anonymous_3)
FNDA:0,analyzeTransactionRisk
FNDA:0,getRiskLevel
FNDA:0,getRiskColor
DA:1,1
DA:4,1
DA:5,1
DA:6,1
DA:7,1
DA:8,1
DA:9,1
DA:10,1
DA:11,1
DA:12,1
DA:13,1
DA:14,1
DA:15,1
DA:16,1
DA:17,1
DA:18,1
DA:19,1
DA:23,0
DA:25,0
DA:28,0
DA:31,0
DA:34,0
DA:39,0
DA:40,0
DA:50,0
DA:51,0
DA:61,0
DA:62,0
DA:66,0
DA:67,0
DA:68,0
DA:69,0
DA:70,0
DA:72,0
DA:87,0
DA:89,0
DA:109,0
DA:118,0
DA:119,0
DA:120,0
DA:121,0
DA:122,0
DA:125,0
DA:128,0
DA:131,0
DA:132,0
DA:136,0
DA:137,0
DA:141,0
DA:142,0
DA:146,0
DA:147,0
DA:151,0
DA:152,0
DA:153,0
DA:157,0
DA:161,1
DA:168,0
DA:170,0
DA:173,0
DA:176,0
DA:178,0
DA:179,0
DA:182,0
DA:183,0
DA:186,0
DA:187,0
DA:190,0
DA:191,0
DA:194,0
DA:195,0
DA:198,0
DA:204,0
DA:206,0
DA:215,1
DA:216,0
DA:217,0
DA:218,0
DA:219,0
DA:220,0
DA:224,1
DA:225,0
DA:226,0
DA:227,0
DA:228,0
DA:229,0
LF:86
LH:20
BRDA:28,0,0,0
BRDA:28,0,1,0
BRDA:34,1,0,0
BRDA:34,1,1,0
BRDA:35,2,0,0
BRDA:35,2,1,0
BRDA:61,3,0,0
BRDA:61,3,1,0
BRDA:131,4,0,0
BRDA:131,4,1,0
BRDA:136,5,0,0
BRDA:136,5,1,0
BRDA:141,6,0,0
BRDA:141,6,1,0
BRDA:146,7,0,0
BRDA:146,7,1,0
BRDA:151,8,0,0
BRDA:151,8,1,0
BRDA:178,9,0,0
BRDA:178,9,1,0
BRDA:182,10,0,0
BRDA:182,10,1,0
BRDA:186,11,0,0
BRDA:186,11,1,0
BRDA:190,12,0,0
BRDA:190,12,1,0
BRDA:194,13,0,0
BRDA:194,13,1,0
BRDA:216,14,0,0
BRDA:216,14,1,0
BRDA:217,15,0,0
BRDA:217,15,1,0
BRDA:218,16,0,0
BRDA:218,16,1,0
BRDA:219,17,0,0
BRDA:219,17,1,0
BRDA:225,18,0,0
BRDA:225,18,1,0
BRDA:226,19,0,0
BRDA:226,19,1,0
BRDA:227,20,0,0
BRDA:227,20,1,0
BRDA:228,21,0,0
BRDA:228,21,1,0
BRF:44
BRH:0
end_of_record
